\BOOKMARK [1][-]{section.1}{Preface}{}
\BOOKMARK [1][-]{section.2}{Introduction}{}
\BOOKMARK [2][-]{subsection.2.1}{USARSim}{section.2}
\BOOKMARK [2][-]{subsection.2.2}{Structure of this document}{section.2}
\BOOKMARK [1][-]{section.3}{Goals}{}
\BOOKMARK [2][-]{subsection.3.1}{Milestones}{section.3}
\BOOKMARK [1][-]{section.4}{Architecture}{}
\BOOKMARK [2][-]{subsection.4.1}{Introduction}{section.4}
\BOOKMARK [2][-]{subsection.4.2}{USARSim}{section.4}
\BOOKMARK [2][-]{subsection.4.3}{Coordinator}{section.4}
\BOOKMARK [2][-]{subsection.4.4}{Sensor}{section.4}
\BOOKMARK [2][-]{subsection.4.5}{Mapper}{section.4}
\BOOKMARK [2][-]{subsection.4.6}{Planner}{section.4}
\BOOKMARK [2][-]{subsection.4.7}{Reflex}{section.4}
\BOOKMARK [2][-]{subsection.4.8}{Motor}{section.4}
\BOOKMARK [2][-]{subsection.4.9}{Communication}{section.4}
\BOOKMARK [1][-]{section.5}{Building and Testing}{}
\BOOKMARK [2][-]{subsection.5.1}{Git}{section.5}
\BOOKMARK [2][-]{subsection.5.2}{Ant}{section.5}
\BOOKMARK [2][-]{subsection.5.3}{Jenkins}{section.5}
\BOOKMARK [2][-]{subsection.5.4}{Testing}{section.5}
\BOOKMARK [3][-]{subsubsection.5.4.1}{Testreport}{subsection.5.4}
\BOOKMARK [1][-]{section.6}{Experiment}{}
\BOOKMARK [1][-]{section.7}{Results}{}
\BOOKMARK [1][-]{section.8}{Discussion}{}
\BOOKMARK [2][-]{subsection.8.1}{Architecture}{section.8}
\BOOKMARK [2][-]{subsection.8.2}{Message Protocols}{section.8}
